<?xml version="1.0" encoding="UTF-8"?>
<Site BuildName="(empty)"
	BuildStamp="20231114-1515-Experimental"
	Name="30060cf282fe"
	Generator="ctest-3.16.3"
	CompilerName="/usr/bin/g++"
	CompilerVersion="9.4.0"
	OSName="Linux"
	Hostname="30060cf282fe"
	OSRelease="5.15.90.1-microsoft-standard-WSL2"
	OSVersion="#1 SMP Fri Jan 27 02:56:13 UTC 2023"
	OSPlatform="x86_64"
	Is64Bits="1"
	VendorString="GenuineIntel"
	VendorID="Intel Corporation"
	FamilyID="6"
	ModelID="142"
	ProcessorCacheSize="6144"
	NumberOfLogicalCPU="8"
	NumberOfPhysicalCPU="4"
	TotalVirtualMemory="1024"
	TotalPhysicalMemory="3823"
	LogicalProcessorsPerPhysical="2"
	ProcessorClockFrequency="1800.01"
	>
	<Testing>
		<StartDateTime>Nov 14 15:16 UTC</StartDateTime>
		<StartTestTime>1699974968</StartTestTime>
		<TestList/>
		<EndDateTime>Nov 14 15:16 UTC</EndDateTime>
		<EndTestTime>1699974968</EndTestTime>
		<ElapsedMinutes>0</ElapsedMinutes>
	</Testing>
</Site>
